dataset: ../data/YearPredictionMSD_std_train.csv,init: g,stops: 10,trials: 5 avg chunks: 23.8,avg r2: 0.23603716296120458,09:03:52.115461
dataset: ../data/YearPredictionMSD_std_train.csv,init: g,stops: 5,trials: 5 avg chunks: 13.6,avg r2: 0.27662379311844437,09:04:21.585807
dataset: ../data/YearPredictionMSD_std_train.csv,init: g,stops: 5,trials: 5 avg chunks: 14.2,avg r2: 0.28264024864350645,09:04:37.585046
dataset: ../data/YearPredictionMSD_std_train.csv,init: g,stops: 5,trials: 5 avg chunks: 16.2,avg r2: 0.2395602031498762,09:05:31.389562
dataset: ../data/YearPredictionMSD_std_train.csv,init: g,stops: 5,trials: 2 avg chunks: 17.0,avg r2: 0.2705451359839788,(datetime.date(2023, 4, 20), datetime.time(9, 8, 28, 441364))
dataset: ../data/cali_train.csv,init: 0,stops: 5,trials: 1 avg chunks: 54.0,avg r2: 0.5872127073094284,(datetime.date(2023, 4, 5), datetime.time(9, 10, 10, 633412))
dataset: ../data/cali_train.csv,init: 0,stops: 5,trials: 1 avg chunks: 54.0,avg r2: 0.5871517017562572,(datetime.date(2023, 4, 5), datetime.time(9, 10, 51, 132787))
dataset: ../data/cali_train.csv,init: 0,stops: 5,trials: 1 avg chunks: 54.0,avg r2: 0.5873914959781708,(datetime.date(2023, 4, 5), datetime.time(9, 10, 52, 102603))
dataset: ../data/cali_train.csv,init: 0,stops: 5,trials: 1 avg chunks: 54.0,avg r2: 0.5877115444988015,(datetime.date(2023, 4, 5), datetime.time(9, 10, 52, 865206))
dataset: ../data/cali_train.csv,init: 0,stops: 5,trials: 1 avg chunks: 54.0,avg r2: 0.5874206919210578,(datetime.date(2023, 4, 5), datetime.time(9, 10, 53, 582617))
dataset: ../data/cali_train.csv,init: 0,stops: 5,trials: 1 avg chunks: 54.0,avg r2: 0.587084663634465,(datetime.date(2023,4, 5), datetime.time(9, 10, 54, 245510))
dataset: ../data/YearPredictionMSD_std_train.csv,init: g,stops: 10,trials: 2 avg chunks: 17.0,avg r2: 0.279805915957717,(datetime.date(2023, 4, 5), datetime.time(9, 11, 33, 623958))
dataset: ../data/cali_train.csv,init: 0,stops: 5,trials: 1 avg chunks: 54.0,avg r2: 0.5882333699686209,(datetime.date(2023, 4, 5), datetime.time(9, 11, 34, 800514))
dataset: ../data/YearPredictionMSD_std_train.csv,init: g,stops: 10,trials: 2 avg chunks: 18.0,avg r2: 0.2932731616165857,(datetime.date(2023, 4, 5), datetime.time(9, 11, 39, 395530))
dataset: ../data/YearPredictionMSD_std_train.csv,init: g,stops: 10,trials: 1 avg chunks: 21.0,avg r2: 0.2663431595869279,(datetime.date(2023, 4, 5), datetime.time(9, 11, 43, 345853))
dataset: ../data/YearPredictionMSD_std_train.csv,init: g,stops: 10,trials: 1 avg chunks: 18.0,avg r2: 0.2521387333735975,(datetime.date(2023, 4, 5), datetime.time(9, 11, 46, 107062))
dataset: ../data/YearPredictionMSD_std_train.csv,init: g,stops: 10,trials: 2 avg chunks: 17.0,avg r2: 0.279805915957717,(datetime.date(2023, 4, 5), datetime.time(9, 11, 33, 623958))
dataset: ../data/YearPredictionMSD_std_train.csv,init: g,stops: 10,trials: 2 avg chunks: 17.0,avg r2: 0.279805915957717,(datetime.date(2023, 4, 5), datetime.time(9, 11, 33, 623958))
dataset: ../data/YearPredictionMSD_std_train.csv, init: 1, stops: 5, trials: 2, avg chunks: 16.5, avg r2: 0.2712352352352352, (2023-04-20, 09:08:28.441364)
dataset: ../data/cali_train.csv, init: 0, stops: 6, trials: 2, avg chunks: 53.5, avg r2: 0.5873430236795193, (2023-04-21, 09:10:10.633412)
dataset: ../data/cali_train.csv, init: r, stops: 5, trials: 3, avg chunks: 53.3, avg r2: 0.5872342234723473, (2023-04-22, 09:10:51.132787)
dataset: ../data/cali_train.csv, init: 1, stops: 5, trials: 1, avg chunks: 53.8, avg r2: 0.5881254912549126, (2023-04-23, 09:10:52.102603)
dataset: ../data/cali_train.csv, init: 0, stops: 4, trials: 1, avg chunks: 54.2, avg r2: 0.5868991355868989, (2023-04-24, 09:10:52.865206)
dataset: ../data/cali_train.csv, init: 1, stops: 5, trials: 1, avg chunks: 53.6, avg r2: 0.5876996699669967, (2023-04-25, 09:10:53.582617)
dataset: ../data/cali_train.csv, init: r, stops: 6, trials: 2, avg chunks: 53.9, avg r2: 0.5871209571209571, (2023-04-26, 09:10:54.245510)
dataset: ../data/YearPredictionMSD_std_train.csv, init: 0, stops: 5, trials: 1, avg chunks: 16.8, avg r2: 0.28033250332503326, (2023-04-27, 09:11:33.623958)
dataset: ../data/cali_train.csv, init: 1, stops: 5, trials: 1, avg chunks: 53.4, avg r2: 0.5886542288557214, (2023-04-28, 09:11:34.800514)
dataset: ../data/YearPredictionMSD_std_train.csv, init: r, stops: 10, trials: 2, avg chunks: 18.2, avg r2: 0.2940435639416458, (2023-04-29, 09:11:39.395530)
dataset: ../data/YearPredictionMSD_std_train.csv, init: 1, stops: 10, trials: 1, avg chunks: 21.2, avg r2: 0.2678538353942457, (2023-04-30, 09:11:43.345853)
dataset: ../data/YearPredictionMSD_std_train.csv, init: 0, stops: 10, trials: 1, avg chunks: 18.6, avg r2: 0.2514160511658031, (2023-05-01, 09:11:46.107062)
dataset: ../data/YearPredictionMSD_std_train.csv, init: r, stops: 11, trials: 2, avg chunks: 17.7, avg r2: 0.2807156792071568, (2023-05-02, 09:11:48.818271)
dataset: ../data/YearPredictionMSD_std_train.csv, init: 1, stops: 12, trials: 2, avg chunks: 16.8, avg r2: 0.2715767271576727, (2023-05-03, 09:11:51.532787)
dataset: ../data/cali_train.csv, init: 0, stops: 6, trials: 2, avg chunks: 54.3, avg r2: 0.5875948459781098, (2023-05-04, 09:11:54.345853)
dataset: ../data/YearPredictionMSD_std_train.csv, init: r, stops: 13, trials: 1, avg chunks: 20.2, avg r2: 0.2829073014302074, (2023-05-05, 09:11:57.159925)
dataset: ../data/cali_train.csv, init: 1, stops: 7, trials: 2, avg chunks: 52.6, avg r2: 0.5884819048190482, (2023-05-06, 09:12:00.482036)
dataset: ../data/YearPredictionMSD_std_train.csv, init: 0, stops: 14, trials: 1, avg chunks: 19.1, avg r2: 0.28090828898083285, (2023-05-07, 09:12:03.785206)
dataset: ../data/YearPredictionMSD_std_train.csv, init: r, stops: 15, trials: 2, avg chunks: 17.4, avg r2: 0.28006240624062406, (2023-05-08, 09:12:07.089925)
dataset: ../data/cali_train.csv, init: 1, stops: 8, trials: 2, avg chunks: 51.8, avg r2: 0.5893703571937036, (2023-05-09, 09:12:10.394245)
dataset: ../data/YearPredictionMSD_std_train.csv, init: 0, stops: 16, trials: 2, avg chunks: 18.5, avg r2: 0.2699351993519935, (2023-05-10, 09:12:13.698675)
dataset: ../data/YearPredictionMSD_std_train.csv, init: r, stops: 17, trials: 2, avg chunks: 16.8, avg r2: 0.27622959229592294, (2023-05-11, 09:12:17.003393)
dataset: ../data/cali_train.csv, init: 1, stops: 9, trials: 2, avg chunks: 51.0, avg r2: 0.5886288268886729, (2023-05-12, 09:12:20.308512)
dataset: ../data/YearPredictionMSD_std_train.csv, init: 0, stops: 18, trials: 2, avg chunks: 17.1, avg r2: 0.27725272527252727, (2023-05-13, 09:12:23.613350)
dataset: ../data/YearPredictionMSD_std_train.csv, init: r, stops: 19, trials: 2, avg chunks: 16.4, avg r2: 0.28094520994520995, (2023-05-14, 09:12:26.918887)
dataset: ../data/cali_train.csv, init: 1, stops: 10, trials: 2, avg chunks: 50.2, avg r2: 0.589919591959196, (2023-05-15, 09:12:30.225193)
dataset: ../data/YearPredictionMSD_std_train.csv, init: 0, stops: 20, trials: 2, avg chunks: 16.9, avg r2: 0.26853885388538854, (2023-05-16, 09:12:33.532309)
dataset: ../data/YearPredictionMSD_std_train.csv, init: r, stops: 21, trials: 2, avg chunks: 16.2, avg r2: 0.2812526252625263, (2023-05-17, 09:12:36.840364)
dataset: ../data/cali_train.csv, init: 1, stops: 11, trials: 2, avg chunks: 49.4, avg r2: 0.5908098446980485, (2023-05-18, 09:12:40.149479)
dataset: ../data/YearPredictionMSD_std_train.csv, init: 0, stops: 22, trials: 2, avg chunks: 17.2, avg r2: 0.27472527252725273, (2023-05-19, 09:12:43.459725)
dataset: ../data/YearPredictionMSD_std_train.csv, init: r, stops: 23, trials: 2, avg chunks: 16.6, avg r2: 0.2781171117111711, (2023-05-20, 09:12:46.771740)
dataset: ../data/cali_train.csv, init: 1, stops: 12, trials: 2, avg chunks: 48.6, avg r2: 0.5913091309130913, (2023-05-21, 09:12:50.085874)
dataset: ../data/YearPredictionMSD_std_train.csv, init: 0, stops: 24, trials: 2, avg chunks: 17.3, avg r2: 0.2708150815081508, (2023-05-22, 09:12:53.402027)
dataset: ../data/YearPredictionMSD_std_train.csv, init: r, stops: 25, trials: 2, avg chunks: 16.0, avg r2: 0.28255825582558257, (2023-05-23, 09:12:56.720250)
